2024-02-23T13:07:23+00:00 DEBUG POST: https://business-api.tiktok.com/tbp/v2.0/business_profile/disconnect?external_data=

{"business_platform":"WOO_COMMERCE","external_business_id":"tt4b_woocommerce_65d5cfc5aa0ef"}
 ajax: no
2024-02-23T13:07:24+00:00 DEBUG Tt4b_Mapi_Class::tbp_post: Response: 

HTTP/1.1 200 OK
Content-Type: application/json; charset=utf-8
Content-Length: 95
X-Api-Deprecation-Info: API for Business Version 1.3 is now live. To avoid disruption to your business, we recommend you migrate all calls to v1.3 as soon as possible. Please visit our migration guide for more details: https://ads.tiktok.com/marketing_api/docs?id=1740029169927169
X-Domain-Change-Info: We have moved to the new domain business-api.tiktok.com for API services after the Platform Upgrade on 09/30/2021. Please update all of your requests with the new domain if you haven't done so already. For more information, please visit https://ads.tiktok.com/marketing_api/docs?rid=esb88xalm6m&id=1709207085043713
X-Tt-Logid: 2024022313072121DE875D5E5008F9EDD9
x-tt-trace-host: 01045811704cfd50c455600381536649e54e94aa9fdeb15f0e6b32176acacf01b1e689db4610b512dd37acc87b293031f43e78185aeb4120ced06928202944a8a6f6fc03a612a9a3ee0d62251b18f3fff6577032af9c2138f62118c51f2da039fbc592cfe90fd18a6e5028b43a20d40c37
x-tt-trace-id: 00-24022313072121DE875D5E5008F9EDD9-6572092737A3892B-00
Server: TLB
X-Origin-Response-Time: 21,23.47.190.164
X-Akamai-Request-ID: 1192db29.52654c2e
Expires: Fri, 23 Feb 2024 13:07:22 GMT
Cache-Control: max-age=0, no-cache, no-store
Pragma: no-cache
Date: Fri, 23 Feb 2024 13:07:22 GMT
X-Cache: TCP_MISS from a23-200-147-22.deploy.akamaitechnologies.com (AkamaiGHost/11.4.1-53915762) (-)
Connection: close
X-Cache-Remote: TCP_MISS from a23-47-190-164.deploy.akamaitechnologies.com (AkamaiGHost/11.4.2.2-54704533) (-)
x-tt-trace-tag: id=16;cdn-cache=miss;type=dyn
Server-Timing: cdn-cache; desc=MISS, edge; dur=166, origin; dur=21
Server-Timing: inner; dur=15
X-Parent-Response-Time: 184,23.200.147.22

{"code":40001,"message":"Permission denied.","request_id":"2024022313072121DE875D5E5008F9EDD9"}

2024-02-23T13:07:24+00:00 DEBUG POST: https://business-api.tiktok.com/tbp/v2.0/shop/connection/disconnect?external_data=

--- EMPTY STRING ---
 ajax: no
2024-02-23T13:07:24+00:00 DEBUG Tt4b_Mapi_Class::tts_shop_disconnect: Response: 

HTTP/1.1 200 OK
Content-Type: application/json; charset=utf-8
Content-Length: 95
X-Api-Deprecation-Info: API for Business Version 1.3 is now live. To avoid disruption to your business, we recommend you migrate all calls to v1.3 as soon as possible. Please visit our migration guide for more details: https://ads.tiktok.com/marketing_api/docs?id=1740029169927169
X-Domain-Change-Info: We have moved to the new domain business-api.tiktok.com for API services after the Platform Upgrade on 09/30/2021. Please update all of your requests with the new domain if you haven't done so already. For more information, please visit https://ads.tiktok.com/marketing_api/docs?rid=esb88xalm6m&id=1709207085043713
X-Tt-Logid: 2024022313072240E7FEB5C98631FAD2EA
x-tt-trace-host: 01045811704cfd50c455600381536649e54e94aa9fdeb15f0e6b32176acacf01b1e689db4610b512dd37acc87b293031f43e78185aeb4120ced06928202944a8a6fd526c618b4d841c47dc7d86abd3c4c61cdd1c48547c582678a9347081b448088e4b869b6dca273ddbd613efe1df0c51
x-tt-trace-id: 00-24022313072240E7FEB5C98631FAD2EA-7AAE676665013C84-00
Server: TLB
X-Origin-Response-Time: 24,23.47.190.164
X-Akamai-Request-ID: 1193a03f.52654e11
Expires: Fri, 23 Feb 2024 13:07:23 GMT
Cache-Control: max-age=0, no-cache, no-store
Pragma: no-cache
Date: Fri, 23 Feb 2024 13:07:23 GMT
X-Cache: TCP_MISS from a23-200-147-22.deploy.akamaitechnologies.com (AkamaiGHost/11.4.1-53915762) (-)
Connection: close
X-Cache-Remote: TCP_MISS from a23-47-190-164.deploy.akamaitechnologies.com (AkamaiGHost/11.4.2.2-54704533) (-)
x-tt-trace-tag: id=16;cdn-cache=miss;type=dyn
Server-Timing: cdn-cache; desc=MISS, edge; dur=177, origin; dur=24
Server-Timing: inner; dur=12
X-Parent-Response-Time: 200,23.200.147.22

{"code":40001,"message":"Permission denied.","request_id":"2024022313072240E7FEB5C98631FAD2EA"}

